{
  "RSpec": {
    "coverage": {
      "/var/www/html/conditionator/lib/conditionator.rb": [
        1,
        null,
        null,
        1,
        1,
        null,
        1,
        1,
        null,
        1,
        181,
        181,
        181,
        null,
        null,
        null,
        null
      ],
      "/var/www/html/conditionator/lib/conditionator/hooks.rb": [
        1,
        null,
        1,
        null,
        null,
        1,
        1,
        10,
        10,
        null,
        10,
        70,
        45,
        45,
        null,
        null,
        10,
        null,
        null,
        1,
        2,
        null,
        null,
        1,
        null,
        1,
        5,
        null,
        null,
        1,
        5,
        null,
        null,
        null,
        1,
        null,
        181,
        181,
        null,
        181,
        null,
        84,
        null,
        108,
        null,
        108,
        9,
        4,
        3,
        4,
        null,
        3,
        3,
        2,
        null,
        1,
        null,
        null,
        3,
        3,
        3,
        1,
        null,
        null,
        null,
        9,
        9,
        null,
        null,
        null,
        null,
        null,
        1,
        1,
        null,
        null,
        1,
        9,
        9,
        7,
        null,
        2,
        null,
        null,
        9,
        9,
        9,
        null,
        9,
        9,
        null,
        null,
        null,
        1,
        1,
        200,
        200,
        null,
        1,
        0,
        null,
        null,
        null,
        null,
        null,
        1,
        5,
        1,
        2,
        null,
        null,
        4,
        null,
        null,
        null,
        1,
        2,
        1,
        2,
        null,
        null,
        1,
        null,
        null,
        null,
        null,
        null,
        null,
        null,
        null
      ]
    },
    "timestamp": 1337098453
  }
}
